<?xml version="1.0" encoding="UTF-8"?>
<testsuite xmlns:xsi="http://www.w3.org/2001/XMLSchema-instance" xsi:noNamespaceSchemaLocation="https://maven.apache.org/surefire/maven-surefire-plugin/xsd/surefire-test-report-3.0.xsd" version="3.0" name="com.example.service.UserServiceTest" time="2.054" tests="28" errors="0" skipped="0" failures="0">
  <properties>
[...]
</properties>
  <testcase name="testUpdatePassword_NewPasswordTooShort" classname="com.example.service.UserServiceTest" time="1.776"/>
  <testcase name="testRemoveRoleFromUser_Success" classname="com.example.service.UserServiceTest" time="0.051"/>
  <testcase name="testGetUserById_NotFound" classname="com.example.service.UserServiceTest" time="0.013"/>
  <testcase name="testDeleteUser_Success" classname="com.example.service.UserServiceTest" time="0.02"/>
  <testcase name="testCreateAdminUser_UsernameExists" classname="com.example.service.UserServiceTest" time="0.008"/>
  <testcase name="testUpdateUser_Success" classname="com.example.service.UserServiceTest" time="0.009"/>
  <testcase name="testUpdatePassword_UserNotFound" classname="com.example.service.UserServiceTest" time="0.006"/>
  <testcase name="testGetAllUsers" classname="com.example.service.UserServiceTest" time="0.011"/>
  <testcase name="testFindByEmail_NotFound" classname="com.example.service.UserServiceTest" time="0.003"/>
  <testcase name="testUpdatePassword_Success" classname="com.example.service.UserServiceTest" time="0.005"/>
  <testcase name="testDeleteUser_NotFound" classname="com.example.service.UserServiceTest" time="0.007"/>
  <testcase name="testUpdateUser_NotFound" classname="com.example.service.UserServiceTest" time="0.004"/>
  <testcase name="testFindByEmail_Found" classname="com.example.service.UserServiceTest" time="0.007"/>
  <testcase name="testFindByUsername" classname="com.example.service.UserServiceTest" time="0.004"/>
  <testcase name="testExistsByUsername" classname="com.example.service.UserServiceTest" time="0.004"/>
  <testcase name="testUpdateUser_WithPassword_ThrowsException" classname="com.example.service.UserServiceTest" time="0.007"/>
  <testcase name="testGetUserById_Found" classname="com.example.service.UserServiceTest" time="0.003"/>
  <testcase name="testCreateUser" classname="com.example.service.UserServiceTest" time="0.004"/>
  <testcase name="testAssignRoleToUser_RoleNotFound" classname="com.example.service.UserServiceTest" time="0.007"/>
  <testcase name="testUpdatePassword_IncorrectCurrentPassword" classname="com.example.service.UserServiceTest" time="0.005"/>
  <testcase name="testExistsByEmail" classname="com.example.service.UserServiceTest" time="0.004"/>
  <testcase name="testCreateAdminUser_EmailExists" classname="com.example.service.UserServiceTest" time="0.004"/>
  <testcase name="testCreateAdminUser_RoleNotFound_AutoCreatesRole" classname="com.example.service.UserServiceTest" time="0.006"/>
  <testcase name="testAssignRoleToUser_Success" classname="com.example.service.UserServiceTest" time="0.006"/>
  <testcase name="testGetUserByUsername_Found" classname="com.example.service.UserServiceTest" time="0.003"/>
  <testcase name="testCreateAdminUser_Success" classname="com.example.service.UserServiceTest" time="0.005"/>
  <testcase name="testGetUserByUsername_NotFound" classname="com.example.service.UserServiceTest" time="0.004"/>
  <testcase name="testAssignRoleToUser_UserNotFound" classname="com.example.service.UserServiceTest" time="0.004"/>
</testsuite>